<?xml version="1.0" encoding="UTF-8"?>
<testng-results skipped="0" failed="0" total="2" passed="2">
  <reporter-output>
  </reporter-output>
  <suite name="Automation Framework Suite with Extent Report Integration" duration-ms="7276" started-at="2018-09-11T04:11:25Z" finished-at="2018-09-11T04:11:32Z">
    <groups>
    </groups>
    <test name="REST API Tests" duration-ms="7276" started-at="2018-09-11T04:11:25Z" finished-at="2018-09-11T04:11:32Z">
      <class name="com.autoqa.framework.apitest.restassuredcore.CreateJiraIssueTest">
        <test-method status="PASS" signature="setUp()[pri:0, instance:com.autoqa.framework.apitest.restassuredcore.CreateJiraIssueTest@57536d79]" name="setUp" is-config="true" duration-ms="215" started-at="2018-09-11T09:41:31Z" finished-at="2018-09-11T09:41:31Z">
          <reporter-output>
          </reporter-output>
        </test-method> <!-- setUp -->
        <test-method status="PASS" signature="createIssue()[pri:0, instance:com.autoqa.framework.apitest.restassuredcore.CreateJiraIssueTest@57536d79]" name="createIssue" duration-ms="1129" started-at="2018-09-11T09:41:31Z" finished-at="2018-09-11T09:41:32Z">
          <reporter-output>
          </reporter-output>
        </test-method> <!-- createIssue -->
      </class> <!-- com.autoqa.framework.apitest.restassuredcore.CreateJiraIssueTest -->
      <class name="com.autoqa.framework.apitest.restassuredcore.JiraLoginTest">
        <test-method status="PASS" signature="doLogin()[pri:0, instance:com.autoqa.framework.apitest.restassuredcore.JiraLoginTest@3108bc]" name="doLogin" duration-ms="5910" started-at="2018-09-11T09:41:25Z" finished-at="2018-09-11T09:41:31Z">
          <reporter-output>
          </reporter-output>
        </test-method> <!-- doLogin -->
      </class> <!-- com.autoqa.framework.apitest.restassuredcore.JiraLoginTest -->
    </test> <!-- REST API Tests -->
  </suite> <!-- Automation Framework Suite with Extent Report Integration -->
</testng-results>
