<?xml version="1.0" encoding="UTF-8"?>
<!-- Generated by org.testng.reporters.JUnitXMLReporter -->
<testsuite hostname="DESKTOP-HAQKA9K" name="REST API Tests" tests="2" failures="0" timestamp="11 Sep 2018 04:11:33 GMT" time="7.276" errors="0">
  <testcase name="doLogin" time="5.91" classname="com.autoqa.framework.apitest.restassuredcore.JiraLoginTest"/>
  <testcase name="createIssue" time="1.129" classname="com.autoqa.framework.apitest.restassuredcore.CreateJiraIssueTest"/>
</testsuite> <!-- REST API Tests -->
